<?xml version="1.0" encoding="UTF-8"?>
<!-- Generated by org.testng.reporters.JUnitXMLReporter -->
<testsuite hostname="NBS-Vineethkj" ignored="0" name="Default test" tests="3" failures="0" timestamp="06 Nov 2021 08:06:58 GMT" time="15.052" errors="0">
  <testcase name="openurl" time="13.475" classname="Automationpractice.Automationpractice.practice"/>
  <testcase name="clickRadiobutton" time="0.205" classname="Automationpractice.Automationpractice.practice"/>
  <testcase name="autoSuggestionDropdown" time="1.319" classname="Automationpractice.Automationpractice.practice"/>
</testsuite> <!-- Default test -->
